2023.06.19 16:04:45.881 INFO  Model.MyModel - Starting server at port = 5400
2023.06.19 16:04:45.885 INFO  Model.MyModel - Starting server at port = 5401
2023.06.19 16:05:08.458 INFO  Model.MyModel - Client accepted to Generate Maze 
2023.06.19 16:09:03.899 INFO  Model.MyModel - Starting server at port = 5400
2023.06.19 16:09:03.903 INFO  Model.MyModel - Starting server at port = 5401
2023.06.19 16:09:21.552 INFO  Model.MyModel - Starting server at port = 5400
2023.06.19 16:09:21.556 INFO  Model.MyModel - Starting server at port = 5401
2023.06.19 16:10:20.571 INFO  Model.MyModel - Starting server at port = 5400
2023.06.19 16:10:20.575 INFO  Model.MyModel - Starting server at port = 5401
2023.06.19 16:11:24.681 INFO  Model.MyModel - Starting server at port = 5400
2023.06.19 16:11:24.685 INFO  Model.MyModel - Starting server at port = 5401
2023.06.19 16:11:49.308 INFO  Model.MyModel - Starting server at port = 5400
2023.06.19 16:11:49.312 INFO  Model.MyModel - Starting server at port = 5401
2023.06.19 16:11:53.206 INFO  Model.MyModel - Client accepted to Generate Maze 
2023.06.19 16:18:23.494 INFO  Model.MyModel - Starting server at port = 5400
2023.06.19 16:18:23.499 INFO  Model.MyModel - Starting server at port = 5401
2023.06.19 16:18:27.513 INFO  Model.MyModel - Client accepted to Generate Maze 
2023.06.19 16:18:28.706 INFO  Model.MyModel - Client accepted to Solve Maze 
2023.06.19 16:18:30.575 INFO  Model.MyModel - Moving player's location toRIGHT
2023.06.19 16:18:30.985 INFO  Model.MyModel - Moving player's location toDOWN
2023.06.19 16:18:31.296 INFO  Model.MyModel - Moving player's location toRIGHT
2023.06.19 16:18:31.595 INFO  Model.MyModel - Moving player's location toDOWN
2023.06.19 16:18:31.935 INFO  Model.MyModel - Moving player's location toRIGHT
2023.06.19 16:18:32.223 INFO  Model.MyModel - Moving player's location toDOWN
2023.06.19 16:18:32.536 INFO  Model.MyModel - Moving player's location toRIGHT
2023.06.19 16:18:32.884 INFO  Model.MyModel - Moving player's location toDOWN
2023.06.19 16:18:33.209 INFO  Model.MyModel - Moving player's location toDOWN
2023.06.19 16:18:33.521 INFO  Model.MyModel - Moving player's location toDOWN
2023.06.19 16:18:33.748 INFO  Model.MyModel - Moving player's location toRIGHT
2023.06.19 16:18:36.904 INFO  Model.MyModel - Moving player's location toRIGHT
2023.06.19 16:18:37.297 INFO  Model.MyModel - Moving player's location toDOWN
2023.06.19 16:18:37.489 INFO  Model.MyModel - Moving player's location toRIGHT
2023.06.19 16:18:37.661 INFO  Model.MyModel - Moving player's location toRIGHT
2023.06.19 16:18:37.886 INFO  Model.MyModel - Moving player's location toDOWN
2023.06.19 16:18:38.261 INFO  Model.MyModel - Moving player's location toRIGHT
2023.06.19 16:18:38.675 INFO  Model.MyModel - Moving player's location toDOWN
2023.06.19 16:18:38.875 INFO  Model.MyModel - Moving player's location toDOWN
2023.06.19 16:18:39.032 INFO  Model.MyModel - Moving player's location toDOWN
2023.06.19 16:18:39.186 INFO  Model.MyModel - Moving player's location toRIGHT
2023.06.19 16:34:39.580 INFO  Model.MyModel - Starting server at port = 5400
2023.06.19 16:34:39.584 INFO  Model.MyModel - Starting server at port = 5401
2023.06.19 16:34:43.362 INFO  Model.MyModel - Client accepted to Generate Maze 
2023.06.19 16:34:48.587 INFO  Model.MyModel - Client accepted to Solve Maze 
2023.06.19 16:36:40.456 INFO  Model.MyModel - Starting server at port = 5400
2023.06.19 16:36:40.460 INFO  Model.MyModel - Starting server at port = 5401
2023.06.19 16:36:44.896 INFO  Model.MyModel - Client accepted to Generate Maze 
2023.06.19 16:37:02.955 INFO  Model.MyModel - Moving player's location toRIGHT
2023.06.19 16:37:03.206 INFO  Model.MyModel - Moving player's location toDOWN
2023.06.19 16:37:03.450 INFO  Model.MyModel - Moving player's location toDOWN
2023.06.19 16:37:03.691 INFO  Model.MyModel - Moving player's location toRIGHT
2023.06.19 16:37:03.879 INFO  Model.MyModel - Moving player's location toRIGHT
2023.06.19 16:37:57.243 INFO  Model.MyModel - Starting server at port = 5400
2023.06.19 16:37:57.247 INFO  Model.MyModel - Starting server at port = 5401
2023.06.19 16:39:54.454 INFO  Model.MyModel - Starting server at port = 5400
2023.06.19 16:39:54.459 INFO  Model.MyModel - Starting server at port = 5401
2023.06.19 16:41:54.876 INFO  Model.MyModel - Starting server at port = 5400
2023.06.19 16:41:54.882 INFO  Model.MyModel - Starting server at port = 5401
2023.06.19 16:42:01.097 INFO  Model.MyModel - Client accepted to Generate Maze 
2023.06.19 16:45:00.291 INFO  Model.MyModel - Starting server at port = 5400
2023.06.19 16:45:00.295 INFO  Model.MyModel - Starting server at port = 5401
2023.06.19 16:45:09.614 INFO  Model.MyModel - Client accepted to Generate Maze 
2023.06.19 16:45:13.112 INFO  Model.MyModel - Moving player's location toDOWN
2023.06.19 16:45:13.300 INFO  Model.MyModel - Moving player's location toDOWN
2023.06.19 16:45:13.423 INFO  Model.MyModel - Moving player's location toDOWN
2023.06.19 16:45:13.587 INFO  Model.MyModel - Moving player's location toDOWN
2023.06.19 16:45:13.818 INFO  Model.MyModel - Moving player's location toRIGHT
2023.06.19 16:45:13.975 INFO  Model.MyModel - Moving player's location toRIGHT
2023.06.19 16:45:14.111 INFO  Model.MyModel - Moving player's location toRIGHT
2023.06.19 16:45:14.808 INFO  Model.MyModel - Moving player's location toRIGHT
2023.06.19 16:47:00.500 INFO  Model.MyModel - Starting server at port = 5400
2023.06.19 16:47:00.503 INFO  Model.MyModel - Starting server at port = 5401
2023.06.19 16:47:09.918 INFO  Model.MyModel - Client accepted to Generate Maze 
2023.06.19 16:47:14.921 INFO  Model.MyModel - Moving player's location toRIGHT
2023.06.19 16:47:15.244 INFO  Model.MyModel - Moving player's location toDOWN
2023.06.19 16:47:15.519 INFO  Model.MyModel - Moving player's location toRIGHT
2023.06.19 16:47:15.695 INFO  Model.MyModel - Moving player's location toRIGHT
2023.06.19 16:47:16.054 INFO  Model.MyModel - Moving player's location toDOWN
2023.06.19 16:47:16.172 INFO  Model.MyModel - Moving player's location toDOWN
2023.06.19 16:47:59.033 INFO  Model.MyModel - Starting server at port = 5400
2023.06.19 16:47:59.038 INFO  Model.MyModel - Starting server at port = 5401
2023.06.19 16:48:30.846 INFO  Model.MyModel - Starting server at port = 5400
2023.06.19 16:48:30.850 INFO  Model.MyModel - Starting server at port = 5401
2023.06.19 16:49:03.255 INFO  Model.MyModel - Starting server at port = 5400
2023.06.19 16:49:03.259 INFO  Model.MyModel - Starting server at port = 5401
2023.06.19 16:49:52.946 INFO  Model.MyModel - Starting server at port = 5400
2023.06.19 16:49:52.951 INFO  Model.MyModel - Starting server at port = 5401
2023.06.19 16:50:35.543 INFO  Model.MyModel - Starting server at port = 5400
2023.06.19 16:50:35.547 INFO  Model.MyModel - Starting server at port = 5401
2023.06.19 16:52:04.272 INFO  Model.MyModel - Starting server at port = 5400
2023.06.19 16:52:04.275 INFO  Model.MyModel - Starting server at port = 5401
2023.06.19 16:53:58.362 INFO  Model.MyModel - Starting server at port = 5400
2023.06.19 16:53:58.366 INFO  Model.MyModel - Starting server at port = 5401
2023.06.19 16:54:20.467 INFO  Model.MyModel - Client accepted to Generate Maze 
2023.06.19 16:54:54.067 INFO  Model.MyModel - Client accepted to Generate Maze 
2023.06.19 17:01:55.012 INFO  Model.MyModel - Starting server at port = 5400
2023.06.19 17:01:55.020 INFO  Model.MyModel - Starting server at port = 5401
2023.06.19 17:03:28.880 INFO  Model.MyModel - Client accepted to Generate Maze 
2023.06.19 17:04:50.025 INFO  Model.MyModel - Starting server at port = 5400
2023.06.19 17:04:50.029 INFO  Model.MyModel - Starting server at port = 5401
2023.06.19 17:05:23.638 INFO  Model.MyModel - Client accepted to Generate Maze 
2023.06.19 17:11:21.229 INFO  Model.MyModel - Starting server at port = 5400
2023.06.19 17:11:21.233 INFO  Model.MyModel - Starting server at port = 5401
2023.06.19 17:21:32.993 INFO  Model.MyModel - Starting server at port = 5400
2023.06.19 17:21:32.997 INFO  Model.MyModel - Starting server at port = 5401
2023.06.19 17:22:25.809 INFO  Model.MyModel - Starting server at port = 5400
2023.06.19 17:22:25.813 INFO  Model.MyModel - Starting server at port = 5401
2023.06.19 17:23:16.830 INFO  Model.MyModel - Starting server at port = 5400
2023.06.19 17:23:16.836 INFO  Model.MyModel - Starting server at port = 5401
2023.06.19 17:25:29.781 INFO  Model.MyModel - Starting server at port = 5400
2023.06.19 17:25:29.785 INFO  Model.MyModel - Starting server at port = 5401
2023.06.19 17:25:35.331 INFO  Model.MyModel - Client accepted to Generate Maze 
2023.06.19 17:25:39.188 INFO  Model.MyModel - Moving player's location toDOWN
2023.06.19 17:25:40.047 INFO  Model.MyModel - Moving player's location toUP
2023.06.19 17:25:40.322 INFO  Model.MyModel - Moving player's location toDOWN
2023.06.19 17:25:40.524 INFO  Model.MyModel - Moving player's location toDOWN
2023.06.19 17:25:40.797 INFO  Model.MyModel - Moving player's location toRIGHT
2023.06.19 17:25:40.998 INFO  Model.MyModel - Moving player's location toRIGHT
2023.06.19 17:25:41.375 INFO  Model.MyModel - Moving player's location toLEFT
2023.06.19 17:25:41.786 INFO  Model.MyModel - Moving player's location toLEFT
2023.06.19 17:25:41.959 INFO  Model.MyModel - Moving player's location toUP
2023.06.19 17:25:42.409 INFO  Model.MyModel - Moving player's location toRIGHT
2023.06.19 17:25:42.634 INFO  Model.MyModel - Moving player's location toRIGHT
2023.06.19 17:25:42.809 INFO  Model.MyModel - Moving player's location toRIGHT
2023.06.19 17:25:43.023 INFO  Model.MyModel - Moving player's location toLEFT
2023.06.19 17:25:43.272 INFO  Model.MyModel - Moving player's location toRIGHT
2023.06.19 17:25:43.484 INFO  Model.MyModel - Moving player's location toLEFT
2023.06.19 17:25:43.610 INFO  Model.MyModel - Moving player's location toRIGHT
2023.06.19 17:25:44.310 INFO  Model.MyModel - Moving player's location toUP
2023.06.19 17:25:44.622 INFO  Model.MyModel - Moving player's location toDOWN
2023.06.19 17:25:44.823 INFO  Model.MyModel - Moving player's location toDOWN
2023.06.19 17:25:45.122 INFO  Model.MyModel - Moving player's location toRIGHT
2023.06.19 17:25:45.334 INFO  Model.MyModel - Moving player's location toRIGHT
2023.06.19 17:25:45.559 INFO  Model.MyModel - Moving player's location toDOWN
2023.06.19 17:25:45.724 INFO  Model.MyModel - Moving player's location toDOWN
2023.06.19 17:25:45.987 INFO  Model.MyModel - Moving player's location toRIGHT
2023.06.19 17:25:46.184 INFO  Model.MyModel - Moving player's location toRIGHT
2023.06.19 17:25:53.542 INFO  Model.MyModel - Client accepted to Generate Maze 
2023.06.19 17:26:17.587 INFO  Model.MyModel - Starting server at port = 5400
2023.06.19 17:26:17.592 INFO  Model.MyModel - Starting server at port = 5401
2023.06.19 17:26:21.672 INFO  Model.MyModel - Client accepted to Generate Maze 
2023.06.19 17:26:26.301 INFO  Model.MyModel - Client accepted to Generate Maze 
2023.06.19 17:26:26.874 INFO  Model.MyModel - Client accepted to Generate Maze 
2023.06.19 17:26:27.313 INFO  Model.MyModel - Client accepted to Generate Maze 
2023.06.19 17:26:27.763 INFO  Model.MyModel - Client accepted to Generate Maze 
2023.06.19 17:26:28.078 INFO  Model.MyModel - Client accepted to Generate Maze 
2023.06.19 17:26:28.224 INFO  Model.MyModel - Client accepted to Generate Maze 
2023.06.19 17:26:28.392 INFO  Model.MyModel - Client accepted to Generate Maze 
2023.06.19 17:26:28.528 INFO  Model.MyModel - Client accepted to Generate Maze 
2023.06.19 17:26:28.674 INFO  Model.MyModel - Client accepted to Generate Maze 
2023.06.19 17:26:28.809 INFO  Model.MyModel - Client accepted to Generate Maze 
2023.06.19 17:26:28.955 INFO  Model.MyModel - Client accepted to Generate Maze 
2023.06.19 17:26:29.101 INFO  Model.MyModel - Client accepted to Generate Maze 
2023.06.19 17:26:29.236 INFO  Model.MyModel - Client accepted to Generate Maze 
2023.06.19 17:26:29.382 INFO  Model.MyModel - Client accepted to Generate Maze 
2023.06.19 17:26:29.530 INFO  Model.MyModel - Client accepted to Generate Maze 
2023.06.19 17:26:29.686 INFO  Model.MyModel - Client accepted to Generate Maze 
2023.06.19 17:26:29.821 INFO  Model.MyModel - Client accepted to Generate Maze 
2023.06.19 17:26:29.967 INFO  Model.MyModel - Client accepted to Generate Maze 
2023.06.19 17:26:30.102 INFO  Model.MyModel - Client accepted to Generate Maze 
2023.06.19 17:26:30.260 INFO  Model.MyModel - Client accepted to Generate Maze 
2023.06.19 17:26:30.451 INFO  Model.MyModel - Client accepted to Generate Maze 
2023.06.19 17:26:30.800 INFO  Model.MyModel - Client accepted to Generate Maze 
2023.06.19 17:26:31.025 INFO  Model.MyModel - Client accepted to Generate Maze 
2023.06.19 17:26:31.239 INFO  Model.MyModel - Client accepted to Generate Maze 
2023.06.19 17:26:31.408 INFO  Model.MyModel - Client accepted to Generate Maze 
2023.06.19 17:26:31.557 INFO  Model.MyModel - Client accepted to Generate Maze 
2023.06.19 17:26:31.711 INFO  Model.MyModel - Client accepted to Generate Maze 
2023.06.19 17:26:31.936 INFO  Model.MyModel - Client accepted to Generate Maze 
2023.06.19 17:26:32.105 INFO  Model.MyModel - Client accepted to Generate Maze 
2023.06.19 17:26:32.240 INFO  Model.MyModel - Client accepted to Generate Maze 
2023.06.19 17:26:32.386 INFO  Model.MyModel - Client accepted to Generate Maze 
2023.06.19 17:26:32.588 INFO  Model.MyModel - Client accepted to Generate Maze 
2023.06.19 17:26:36.573 INFO  Model.MyModel - Client accepted to Generate Maze 
2023.06.19 18:14:55.481 INFO  Model.MyModel - Starting server at port = 5400
2023.06.19 18:14:55.486 INFO  Model.MyModel - Starting server at port = 5401
2023.06.19 18:17:08.667 INFO  Model.MyModel - Starting server at port = 5400
2023.06.19 18:17:08.675 INFO  Model.MyModel - Starting server at port = 5401
2023.06.19 18:18:43.097 INFO  Model.MyModel - Starting server at port = 5400
2023.06.19 18:18:43.102 INFO  Model.MyModel - Starting server at port = 5401
2023.06.19 18:22:27.002 INFO  Model.MyModel - Starting server at port = 5400
2023.06.19 18:22:27.006 INFO  Model.MyModel - Starting server at port = 5401
2023.06.19 18:29:04.716 INFO  Model.MyModel - Starting server at port = 5400
2023.06.19 18:29:04.720 INFO  Model.MyModel - Starting server at port = 5401
2023.06.19 18:43:55.295 INFO  Model.MyModel - Starting server at port = 5400
2023.06.19 18:43:55.303 INFO  Model.MyModel - Starting server at port = 5401
2023.06.19 19:18:12.510 INFO  Model.MyModel - Starting server at port = 5400
2023.06.19 19:18:12.529 INFO  Model.MyModel - Starting server at port = 5401
2023.06.19 19:19:41.137 INFO  Model.MyModel - Starting server at port = 5400
2023.06.19 19:19:41.142 INFO  Model.MyModel - Starting server at port = 5401
2023.06.19 19:21:13.309 INFO  Model.MyModel - Starting server at port = 5400
2023.06.19 19:21:13.313 INFO  Model.MyModel - Starting server at port = 5401
2023.06.19 19:24:02.061 INFO  Model.MyModel - Starting server at port = 5400
2023.06.19 19:24:02.067 INFO  Model.MyModel - Starting server at port = 5401
2023.06.19 19:24:08.048 INFO  Model.MyModel - Client accepted to Generate Maze 
2023.06.19 19:24:38.661 INFO  Model.MyModel - Starting server at port = 5400
2023.06.19 19:24:38.667 INFO  Model.MyModel - Starting server at port = 5401
2023.06.19 19:25:35.500 INFO  Model.MyModel - Starting server at port = 5400
2023.06.19 19:25:35.512 INFO  Model.MyModel - Starting server at port = 5401
2023.06.19 19:26:15.493 INFO  Model.MyModel - Starting server at port = 5400
2023.06.19 19:26:15.497 INFO  Model.MyModel - Starting server at port = 5401
2023.06.19 19:26:39.038 INFO  Model.MyModel - Starting server at port = 5400
2023.06.19 19:26:39.048 INFO  Model.MyModel - Starting server at port = 5401
2023.06.19 19:29:42.062 INFO  Model.MyModel - Starting server at port = 5400
2023.06.19 19:29:42.073 INFO  Model.MyModel - Starting server at port = 5401
2023.06.19 19:30:06.913 INFO  Model.MyModel - Starting server at port = 5400
2023.06.19 19:30:06.917 INFO  Model.MyModel - Starting server at port = 5401
2023.06.19 19:30:29.717 INFO  Model.MyModel - Starting server at port = 5400
2023.06.19 19:30:29.721 INFO  Model.MyModel - Starting server at port = 5401
2023.06.19 19:30:57.535 INFO  Model.MyModel - Starting server at port = 5400
2023.06.19 19:30:57.540 INFO  Model.MyModel - Starting server at port = 5401
2023.06.19 19:33:43.658 INFO  Model.MyModel - Starting server at port = 5400
2023.06.19 19:33:43.664 INFO  Model.MyModel - Starting server at port = 5401
2023.06.19 19:35:15.972 INFO  Model.MyModel - Starting server at port = 5400
2023.06.19 19:35:15.979 INFO  Model.MyModel - Starting server at port = 5401
2023.06.19 19:36:45.098 INFO  Model.MyModel - Starting server at port = 5400
2023.06.19 19:36:45.104 INFO  Model.MyModel - Starting server at port = 5401
2023.06.19 19:38:15.964 INFO  Model.MyModel - Starting server at port = 5400
2023.06.19 19:38:15.981 INFO  Model.MyModel - Starting server at port = 5401
2023.06.19 19:40:03.722 INFO  Model.MyModel - Starting server at port = 5400
2023.06.19 19:40:03.737 INFO  Model.MyModel - Starting server at port = 5401
2023.06.19 19:40:50.771 INFO  Model.MyModel - Starting server at port = 5400
2023.06.19 19:40:50.780 INFO  Model.MyModel - Starting server at port = 5401
2023.06.19 19:42:58.645 INFO  Model.MyModel - Starting server at port = 5400
2023.06.19 19:42:58.652 INFO  Model.MyModel - Starting server at port = 5401
2023.06.19 19:44:34.035 INFO  Model.MyModel - Starting server at port = 5400
2023.06.19 19:44:34.041 INFO  Model.MyModel - Starting server at port = 5401
2023.06.19 19:46:51.107 INFO  Model.MyModel - Starting server at port = 5400
2023.06.19 19:46:51.115 INFO  Model.MyModel - Starting server at port = 5401
2023.06.19 19:48:20.311 INFO  Model.MyModel - Starting server at port = 5400
2023.06.19 19:48:20.316 INFO  Model.MyModel - Starting server at port = 5401
2023.06.19 19:50:30.744 INFO  Model.MyModel - Starting server at port = 5400
2023.06.19 19:50:30.750 INFO  Model.MyModel - Starting server at port = 5401
2023.06.19 19:50:58.600 INFO  Model.MyModel - Starting server at port = 5400
2023.06.19 19:50:58.608 INFO  Model.MyModel - Starting server at port = 5401
2023.06.19 19:55:01.967 INFO  Model.MyModel - Starting server at port = 5400
2023.06.19 19:55:01.973 INFO  Model.MyModel - Starting server at port = 5401
2023.06.19 20:42:38.983 INFO  Model.MyModel - Starting server at port = 5400
2023.06.19 20:42:38.991 INFO  Model.MyModel - Starting server at port = 5401
2023.06.19 21:24:06.949 INFO  Model.MyModel - Starting server at port = 5400
2023.06.19 21:24:06.955 INFO  Model.MyModel - Starting server at port = 5401
2023.06.19 21:25:28.296 INFO  Model.MyModel - Starting server at port = 5400
2023.06.19 21:25:28.302 INFO  Model.MyModel - Starting server at port = 5401
2023.06.19 21:33:33.569 INFO  Model.MyModel - Starting server at port = 5400
2023.06.19 21:33:33.576 INFO  Model.MyModel - Starting server at port = 5401
2023.06.19 21:34:24.805 INFO  Model.MyModel - Starting server at port = 5400
2023.06.19 21:34:24.814 INFO  Model.MyModel - Starting server at port = 5401
2023.06.20 09:00:01.869 INFO  Model.MyModel - Starting server at port = 5400
2023.06.20 09:00:01.873 INFO  Model.MyModel - Starting server at port = 5401
2023.06.20 09:00:07.603 INFO  Model.MyModel - Client accepted to Generate Maze 
2023.06.20 09:00:16.758 INFO  Model.MyModel - Client accepted to Generate Maze 
2023.06.20 09:00:39.591 INFO  Model.MyModel - Starting server at port = 5400
2023.06.20 09:00:39.595 INFO  Model.MyModel - Starting server at port = 5401
2023.06.20 09:00:44.166 INFO  Model.MyModel - Client accepted to Generate Maze 
2023.06.20 09:01:03.619 INFO  Model.MyModel - Starting server at port = 5400
2023.06.20 09:01:03.623 INFO  Model.MyModel - Starting server at port = 5401
2023.06.20 09:01:07.376 INFO  Model.MyModel - Client accepted to Generate Maze 
2023.06.20 09:01:20.645 INFO  Model.MyModel - Starting server at port = 5400
2023.06.20 09:01:20.648 INFO  Model.MyModel - Starting server at port = 5401
2023.06.20 09:01:25.195 INFO  Model.MyModel - Client accepted to Generate Maze 
2023.06.20 09:02:26.394 INFO  Model.MyModel - Starting server at port = 5400
2023.06.20 09:02:26.397 INFO  Model.MyModel - Starting server at port = 5401
2023.06.20 09:02:37.823 INFO  Model.MyModel - Client accepted to Generate Maze 
2023.06.20 09:03:14.139 INFO  Model.MyModel - Starting server at port = 5400
2023.06.20 09:03:14.142 INFO  Model.MyModel - Starting server at port = 5401
2023.06.20 09:05:05.640 INFO  Model.MyModel - Starting server at port = 5400
2023.06.20 09:05:05.642 INFO  Model.MyModel - Starting server at port = 5401
2023.06.20 09:06:01.874 INFO  Model.MyModel - Starting server at port = 5400
2023.06.20 09:06:01.878 INFO  Model.MyModel - Starting server at port = 5401
2023.06.20 09:06:12.798 INFO  Model.MyModel - Client accepted to Generate Maze 
2023.06.20 09:09:43.306 INFO  Model.MyModel - Starting server at port = 5400
2023.06.20 09:09:43.311 INFO  Model.MyModel - Starting server at port = 5401
2023.06.20 09:15:21.636 INFO  Model.MyModel - Starting server at port = 5400
2023.06.20 09:15:21.641 INFO  Model.MyModel - Starting server at port = 5401
2023.06.20 09:15:41.568 INFO  Model.MyModel - Starting server at port = 5400
2023.06.20 09:15:41.573 INFO  Model.MyModel - Starting server at port = 5401
2023.06.20 09:16:08.802 INFO  Model.MyModel - Starting server at port = 5400
2023.06.20 09:16:08.806 INFO  Model.MyModel - Starting server at port = 5401
2023.06.20 09:16:46.976 INFO  Model.MyModel - Starting server at port = 5400
2023.06.20 09:16:46.981 INFO  Model.MyModel - Starting server at port = 5401
2023.06.20 09:17:50.720 INFO  Model.MyModel - Starting server at port = 5400
2023.06.20 09:17:50.726 INFO  Model.MyModel - Starting server at port = 5401
2023.06.20 09:18:17.363 INFO  Model.MyModel - Starting server at port = 5400
2023.06.20 09:18:17.366 INFO  Model.MyModel - Starting server at port = 5401
2023.06.20 09:20:06.905 INFO  Model.MyModel - Starting server at port = 5400
2023.06.20 09:20:06.911 INFO  Model.MyModel - Starting server at port = 5401
2023.06.20 09:25:14.257 INFO  Model.MyModel - Starting server at port = 5400
2023.06.20 09:25:14.261 INFO  Model.MyModel - Starting server at port = 5401
2023.06.20 09:25:58.190 INFO  Model.MyModel - Starting server at port = 5400
2023.06.20 09:25:58.198 INFO  Model.MyModel - Starting server at port = 5401
2023.06.20 09:33:05.157 INFO  Model.MyModel - Starting server at port = 5400
2023.06.20 09:33:05.160 INFO  Model.MyModel - Starting server at port = 5401
2023.06.20 09:36:33.697 INFO  Model.MyModel - Starting server at port = 5400
2023.06.20 09:36:33.701 INFO  Model.MyModel - Starting server at port = 5401
2023.06.20 09:36:57.254 INFO  Model.MyModel - Starting server at port = 5400
2023.06.20 09:36:57.259 INFO  Model.MyModel - Starting server at port = 5401
2023.06.20 09:40:05.525 INFO  Model.MyModel - Starting server at port = 5400
2023.06.20 09:40:05.528 INFO  Model.MyModel - Starting server at port = 5401
2023.06.20 09:44:22.145 INFO  Model.MyModel - Starting server at port = 5400
2023.06.20 09:44:22.149 INFO  Model.MyModel - Starting server at port = 5401
2023.06.20 09:46:34.849 INFO  Model.MyModel - Starting server at port = 5400
2023.06.20 09:46:34.856 INFO  Model.MyModel - Starting server at port = 5401
2023.06.20 09:46:52.295 INFO  Model.MyModel - Starting server at port = 5400
2023.06.20 09:46:52.299 INFO  Model.MyModel - Starting server at port = 5401
2023.06.20 09:47:07.611 INFO  Model.MyModel - Client accepted to Generate Maze 
2023.06.20 09:49:02.452 INFO  Model.MyModel - Starting server at port = 5400
2023.06.20 09:49:02.460 INFO  Model.MyModel - Starting server at port = 5401
2023.06.20 09:49:08.349 INFO  Model.MyModel - Client accepted to Generate Maze 
2023.06.20 09:50:16.629 INFO  Model.MyModel - Starting server at port = 5400
2023.06.20 09:50:16.634 INFO  Model.MyModel - Starting server at port = 5401
2023.06.20 09:51:34.587 INFO  Model.MyModel - Starting server at port = 5400
2023.06.20 09:51:34.593 INFO  Model.MyModel - Starting server at port = 5401
2023.06.20 09:51:38.783 INFO  Model.MyModel - Client accepted to Generate Maze 
2023.06.20 09:53:22.832 INFO  Model.MyModel - Starting server at port = 5400
2023.06.20 09:53:22.836 INFO  Model.MyModel - Starting server at port = 5401
2023.06.20 09:53:29.047 INFO  Model.MyModel - Client accepted to Generate Maze 
2023.06.20 09:53:52.532 INFO  Model.MyModel - Starting server at port = 5400
2023.06.20 09:53:52.540 INFO  Model.MyModel - Starting server at port = 5401
2023.06.20 09:53:56.620 INFO  Model.MyModel - Client accepted to Generate Maze 
2023.06.20 09:54:40.639 INFO  Model.MyModel - Starting server at port = 5400
2023.06.20 09:54:40.647 INFO  Model.MyModel - Starting server at port = 5401
2023.06.20 09:54:48.511 INFO  Model.MyModel - Client accepted to Generate Maze 
2023.06.20 09:56:35.324 INFO  Model.MyModel - Starting server at port = 5400
2023.06.20 09:56:35.329 INFO  Model.MyModel - Starting server at port = 5401
2023.06.20 09:56:39.303 INFO  Model.MyModel - Client accepted to Generate Maze 
2023.06.20 09:57:33.166 INFO  Model.MyModel - Starting server at port = 5400
2023.06.20 09:57:33.169 INFO  Model.MyModel - Starting server at port = 5401
2023.06.20 09:58:10.633 INFO  Model.MyModel - Starting server at port = 5400
2023.06.20 09:58:10.638 INFO  Model.MyModel - Starting server at port = 5401
2023.06.20 09:58:14.092 INFO  Model.MyModel - Client accepted to Generate Maze 
2023.06.20 10:01:44.813 INFO  Model.MyModel - Starting server at port = 5400
2023.06.20 10:01:44.817 INFO  Model.MyModel - Starting server at port = 5401
2023.06.20 10:01:55.028 INFO  Model.MyModel - Client accepted to Generate Maze 
2023.06.20 10:04:06.631 INFO  Model.MyModel - Starting server at port = 5400
2023.06.20 10:04:06.637 INFO  Model.MyModel - Starting server at port = 5401
2023.06.20 10:04:12.584 INFO  Model.MyModel - Client accepted to Generate Maze 
2023.06.20 10:04:23.019 INFO  Model.MyModel - Client accepted to Generate Maze 
2023.06.20 10:04:31.424 INFO  Model.MyModel - Moving player's location toUP
2023.06.20 10:04:31.838 INFO  Model.MyModel - Moving player's location toLEFT
2023.06.20 10:04:32.014 INFO  Model.MyModel - Moving player's location toLEFT
2023.06.20 10:04:32.497 INFO  Model.MyModel - Moving player's location toRIGHT
2023.06.20 10:04:32.648 INFO  Model.MyModel - Moving player's location toRIGHT
2023.06.20 10:04:32.815 INFO  Model.MyModel - Moving player's location toRIGHT
2023.06.20 10:04:32.952 INFO  Model.MyModel - Moving player's location toDOWN
2023.06.20 10:04:33.125 INFO  Model.MyModel - Moving player's location toDOWN
2023.06.20 10:04:33.282 INFO  Model.MyModel - Moving player's location toDOWN
2023.06.20 10:04:33.597 INFO  Model.MyModel - Moving player's location toRIGHT
2023.06.20 10:04:33.959 INFO  Model.MyModel - Moving player's location toDOWN
2023.06.20 10:06:48.628 INFO  Model.MyModel - Starting server at port = 5400
2023.06.20 10:06:48.633 INFO  Model.MyModel - Starting server at port = 5401
2023.06.20 10:06:56.495 INFO  Model.MyModel - Client accepted to Generate Maze 
2023.06.20 10:07:28.162 INFO  Model.MyModel - Starting server at port = 5400
2023.06.20 10:07:28.168 INFO  Model.MyModel - Starting server at port = 5401
2023.06.20 10:07:31.627 INFO  Model.MyModel - Client accepted to Generate Maze 
2023.06.20 10:25:08.201 INFO  Model.MyModel - Client accepted to Generate Maze 
2023.06.20 10:25:20.226 INFO  Model.MyModel - Client accepted to Generate Maze 
2023.06.20 10:27:59.821 INFO  Model.MyModel - Starting server at port = 5400
2023.06.20 10:27:59.828 INFO  Model.MyModel - Starting server at port = 5401
2023.06.20 10:29:10.976 INFO  Model.MyModel - Client accepted to Generate Maze 
2023.06.20 10:29:44.039 INFO  Model.MyModel - Starting server at port = 5400
2023.06.20 10:29:44.048 INFO  Model.MyModel - Starting server at port = 5401
2023.06.20 10:29:51.949 INFO  Model.MyModel - Client accepted to Generate Maze 
2023.06.20 10:31:04.926 INFO  Model.MyModel - Starting server at port = 5400
2023.06.20 10:31:04.937 INFO  Model.MyModel - Starting server at port = 5401
2023.06.20 10:31:10.880 INFO  Model.MyModel - Client accepted to Generate Maze 
2023.06.20 10:33:09.886 INFO  Model.MyModel - Starting server at port = 5400
2023.06.20 10:33:09.892 INFO  Model.MyModel - Starting server at port = 5401
2023.06.20 10:33:16.321 INFO  Model.MyModel - Client accepted to Generate Maze 
2023.06.20 10:33:54.846 INFO  Model.MyModel - Starting server at port = 5400
2023.06.20 10:33:54.855 INFO  Model.MyModel - Starting server at port = 5401
2023.06.20 10:34:10.643 INFO  Model.MyModel - Starting server at port = 5400
2023.06.20 10:34:10.653 INFO  Model.MyModel - Starting server at port = 5401
2023.06.20 10:34:20.106 INFO  Model.MyModel - Client accepted to Generate Maze 
2023.06.20 10:37:48.945 INFO  Model.MyModel - Starting server at port = 5400
2023.06.20 10:37:48.951 INFO  Model.MyModel - Starting server at port = 5401
2023.06.20 10:37:53.799 INFO  Model.MyModel - Client accepted to Generate Maze 
2023.06.20 10:39:37.598 INFO  Model.MyModel - Starting server at port = 5400
2023.06.20 10:39:37.603 INFO  Model.MyModel - Starting server at port = 5401
2023.06.20 10:39:43.508 INFO  Model.MyModel - Client accepted to Generate Maze 
2023.06.20 10:42:37.809 INFO  Model.MyModel - Starting server at port = 5400
2023.06.20 10:42:37.816 INFO  Model.MyModel - Starting server at port = 5401
2023.06.20 10:42:42.183 INFO  Model.MyModel - Client accepted to Generate Maze 
2023.06.20 10:43:53.263 INFO  Model.MyModel - Starting server at port = 5400
2023.06.20 10:43:53.273 INFO  Model.MyModel - Starting server at port = 5401
2023.06.20 10:43:58.422 INFO  Model.MyModel - Client accepted to Generate Maze 
2023.06.20 10:44:22.038 INFO  Model.MyModel - Starting server at port = 5400
2023.06.20 10:44:22.043 INFO  Model.MyModel - Starting server at port = 5401
2023.06.20 10:44:27.570 INFO  Model.MyModel - Client accepted to Generate Maze 
2023.06.20 10:47:46.157 INFO  Model.MyModel - Starting server at port = 5400
2023.06.20 10:47:46.164 INFO  Model.MyModel - Starting server at port = 5401
2023.06.20 10:48:02.387 INFO  Model.MyModel - Client accepted to Generate Maze 
2023.06.20 10:48:03.959 INFO  Model.MyModel - Client accepted to Generate Maze 
2023.06.20 10:48:14.161 INFO  Model.MyModel - Starting server at port = 5400
2023.06.20 10:48:14.164 INFO  Model.MyModel - Starting server at port = 5401
2023.06.20 10:48:18.437 INFO  Model.MyModel - Client accepted to Generate Maze 
2023.06.20 10:50:22.871 INFO  Model.MyModel - Starting server at port = 5400
2023.06.20 10:50:22.880 INFO  Model.MyModel - Starting server at port = 5401
2023.06.20 10:50:28.555 INFO  Model.MyModel - Client accepted to Generate Maze 
2023.06.20 10:51:27.321 INFO  Model.MyModel - Starting server at port = 5400
2023.06.20 10:51:27.327 INFO  Model.MyModel - Starting server at port = 5401
2023.06.20 10:51:32.877 INFO  Model.MyModel - Client accepted to Generate Maze 
2023.06.20 10:52:33.136 INFO  Model.MyModel - Starting server at port = 5400
2023.06.20 10:52:33.141 INFO  Model.MyModel - Starting server at port = 5401
2023.06.20 10:52:42.899 INFO  Model.MyModel - Client accepted to Generate Maze 
2023.06.20 10:53:55.981 INFO  Model.MyModel - Starting server at port = 5400
2023.06.20 10:53:55.988 INFO  Model.MyModel - Starting server at port = 5401
2023.06.20 10:54:00.293 INFO  Model.MyModel - Client accepted to Generate Maze 
2023.06.20 10:55:52.035 INFO  Model.MyModel - Starting server at port = 5400
2023.06.20 10:55:52.040 INFO  Model.MyModel - Starting server at port = 5401
2023.06.20 10:55:59.060 INFO  Model.MyModel - Client accepted to Generate Maze 
2023.06.20 10:56:55.250 INFO  Model.MyModel - Starting server at port = 5400
2023.06.20 10:56:55.254 INFO  Model.MyModel - Starting server at port = 5401
2023.06.20 10:57:00.197 INFO  Model.MyModel - Client accepted to Generate Maze 
2023.06.20 10:58:28.521 INFO  Model.MyModel - Starting server at port = 5400
2023.06.20 10:58:28.523 INFO  Model.MyModel - Starting server at port = 5401
2023.06.20 10:58:40.006 INFO  Model.MyModel - Client accepted to Generate Maze 
2023.06.20 10:59:10.135 INFO  Model.MyModel - Starting server at port = 5400
2023.06.20 10:59:10.140 INFO  Model.MyModel - Starting server at port = 5401
2023.06.20 11:03:27.944 INFO  Model.MyModel - Starting server at port = 5400
2023.06.20 11:03:27.947 INFO  Model.MyModel - Starting server at port = 5401
2023.06.20 11:03:33.628 INFO  Model.MyModel - Client accepted to Generate Maze 
2023.06.20 11:04:09.617 INFO  Model.MyModel - Starting server at port = 5400
2023.06.20 11:04:09.624 INFO  Model.MyModel - Starting server at port = 5401
2023.06.20 11:04:13.497 INFO  Model.MyModel - Client accepted to Generate Maze 
2023.06.20 11:06:10.393 INFO  Model.MyModel - Starting server at port = 5400
2023.06.20 11:06:10.396 INFO  Model.MyModel - Starting server at port = 5401
2023.06.20 11:07:10.546 INFO  Model.MyModel - Starting server at port = 5400
2023.06.20 11:07:10.552 INFO  Model.MyModel - Starting server at port = 5401
2023.06.20 11:07:47.778 INFO  Model.MyModel - Starting server at port = 5400
2023.06.20 11:07:47.784 INFO  Model.MyModel - Starting server at port = 5401
2023.06.20 11:08:43.189 INFO  Model.MyModel - Starting server at port = 5400
2023.06.20 11:08:43.192 INFO  Model.MyModel - Starting server at port = 5401
2023.06.20 11:09:27.726 INFO  Model.MyModel - Starting server at port = 5400
2023.06.20 11:09:27.730 INFO  Model.MyModel - Starting server at port = 5401
2023.06.20 11:09:35.267 INFO  Model.MyModel - Client accepted to Generate Maze 
2023.06.20 11:10:06.684 INFO  Model.MyModel - Starting server at port = 5400
2023.06.20 11:10:06.691 INFO  Model.MyModel - Starting server at port = 5401
2023.06.20 11:10:18.600 INFO  Model.MyModel - Client accepted to Generate Maze 
2023.06.20 11:11:02.559 INFO  Model.MyModel - Starting server at port = 5400
2023.06.20 11:11:02.566 INFO  Model.MyModel - Starting server at port = 5401
2023.06.20 11:11:09.181 INFO  Model.MyModel - Client accepted to Generate Maze 
2023.06.20 11:12:44.993 INFO  Model.MyModel - Starting server at port = 5400
2023.06.20 11:12:44.997 INFO  Model.MyModel - Starting server at port = 5401
2023.06.20 11:12:53.727 INFO  Model.MyModel - Client accepted to Generate Maze 
2023.06.20 11:13:18.374 INFO  Model.MyModel - Client accepted to Generate Maze 
2023.06.20 11:13:25.978 INFO  Model.MyModel - Client accepted to Generate Maze 
2023.06.20 11:13:55.294 INFO  Model.MyModel - Client accepted to Generate Maze 
2023.06.20 11:13:58.359 INFO  Model.MyModel - Moving player's location toRIGHT
2023.06.20 11:13:58.468 INFO  Model.MyModel - Moving player's location toDOWN
2023.06.20 11:13:58.706 INFO  Model.MyModel - Moving player's location toDOWN
2023.06.20 11:13:58.880 INFO  Model.MyModel - Moving player's location toDOWN
2023.06.20 11:14:02.156 INFO  Model.MyModel - Moving player's location toRIGHT
2023.06.20 11:14:02.433 INFO  Model.MyModel - Moving player's location toDOWN
2023.06.20 11:14:02.943 INFO  Model.MyModel - Moving player's location toRIGHT
2023.06.20 11:14:03.192 INFO  Model.MyModel - Moving player's location toRIGHT
2023.06.20 11:14:03.404 INFO  Model.MyModel - Moving player's location toDOWN
2023.06.20 11:14:03.949 INFO  Model.MyModel - Moving player's location toDOWN
2023.06.20 11:14:03.991 INFO  Model.MyModel - Moving player's location toDOWN
2023.06.20 11:14:04.076 INFO  Model.MyModel - Moving player's location toDOWN
2023.06.20 11:14:04.244 INFO  Model.MyModel - Moving player's location toRIGHT
2023.06.20 11:14:04.570 INFO  Model.MyModel - Moving player's location toDOWN
2023.06.20 11:14:05.072 INFO  Model.MyModel - Moving player's location toDOWN
2023.06.20 11:14:05.154 INFO  Model.MyModel - Moving player's location toDOWN
2023.06.20 11:14:05.238 INFO  Model.MyModel - Moving player's location toDOWN
2023.06.20 11:14:05.323 INFO  Model.MyModel - Moving player's location toDOWN
2023.06.20 11:14:27.831 INFO  Model.MyModel - Client accepted to Generate Maze 
2023.06.20 11:15:40.531 INFO  Model.MyModel - Starting server at port = 5400
2023.06.20 11:15:40.534 INFO  Model.MyModel - Starting server at port = 5401
2023.06.20 11:16:52.960 INFO  Model.MyModel - Starting server at port = 5400
2023.06.20 11:16:52.967 INFO  Model.MyModel - Starting server at port = 5401
2023.06.20 11:16:59.431 INFO  Model.MyModel - Client accepted to Generate Maze 
2023.06.20 11:17:23.842 INFO  Model.MyModel - Starting server at port = 5400
2023.06.20 11:17:23.852 INFO  Model.MyModel - Starting server at port = 5401
2023.06.20 11:17:29.856 INFO  Model.MyModel - Client accepted to Generate Maze 
2023.06.20 11:17:46.009 INFO  Model.MyModel - Client accepted to Generate Maze 
2023.06.20 11:18:06.834 INFO  Model.MyModel - Starting server at port = 5400
2023.06.20 11:18:06.843 INFO  Model.MyModel - Starting server at port = 5401
2023.06.20 11:18:13.589 INFO  Model.MyModel - Client accepted to Generate Maze 
2023.06.20 11:18:35.768 INFO  Model.MyModel - Moving player's location toDOWN
2023.06.20 11:20:06.621 INFO  Model.MyModel - Starting server at port = 5400
2023.06.20 11:20:06.628 INFO  Model.MyModel - Starting server at port = 5401
2023.06.20 11:20:10.574 INFO  Model.MyModel - Client accepted to Generate Maze 
2023.06.20 11:22:45.818 INFO  Model.MyModel - Starting server at port = 5400
2023.06.20 11:22:45.824 INFO  Model.MyModel - Starting server at port = 5401
2023.06.20 11:22:50.158 INFO  Model.MyModel - Client accepted to Generate Maze 
2023.06.20 11:23:34.977 INFO  Model.MyModel - Moving player's location toDOWN
2023.06.20 11:23:35.098 INFO  Model.MyModel - Moving player's location toDOWN
2023.06.20 11:23:35.336 INFO  Model.MyModel - Moving player's location toUP
2023.06.20 11:23:35.488 INFO  Model.MyModel - Moving player's location toUP
2023.06.20 11:23:35.613 INFO  Model.MyModel - Moving player's location toUP
2023.06.20 11:23:35.736 INFO  Model.MyModel - Moving player's location toUP
2023.06.20 11:23:36.699 INFO  Model.MyModel - Moving player's location toLEFT
2023.06.20 11:23:37.412 INFO  Model.MyModel - Moving player's location toUP
2023.06.20 11:23:37.599 INFO  Model.MyModel - Moving player's location toLEFT
2023.06.20 11:23:37.848 INFO  Model.MyModel - Moving player's location toLEFT
2023.06.20 11:23:38.062 INFO  Model.MyModel - Moving player's location toLEFT
2023.06.20 11:23:38.286 INFO  Model.MyModel - Moving player's location toRIGHT
2023.06.20 11:23:38.791 INFO  Model.MyModel - Moving player's location toRIGHT
2023.06.20 11:23:38.875 INFO  Model.MyModel - Moving player's location toRIGHT
2023.06.20 11:23:38.958 INFO  Model.MyModel - Moving player's location toRIGHT
2023.06.20 11:23:39.012 INFO  Model.MyModel - Moving player's location toDOWN
2023.06.20 11:23:39.100 INFO  Model.MyModel - Moving player's location toRIGHT
2023.06.20 11:23:39.199 INFO  Model.MyModel - Moving player's location toDOWN
2023.06.20 11:23:39.287 INFO  Model.MyModel - Moving player's location toRIGHT
2023.06.20 11:23:39.400 INFO  Model.MyModel - Moving player's location toRIGHT
2023.06.20 11:23:39.413 INFO  Model.MyModel - Moving player's location toDOWN
2023.06.20 11:23:39.539 INFO  Model.MyModel - Moving player's location toRIGHT
2023.06.20 11:23:39.638 INFO  Model.MyModel - Moving player's location toDOWN
2023.06.20 11:23:39.700 INFO  Model.MyModel - Moving player's location toDOWN
2023.06.20 11:23:39.862 INFO  Model.MyModel - Moving player's location toUP
2023.06.20 11:23:40.010 INFO  Model.MyModel - Moving player's location toUP
2023.06.20 11:23:40.136 INFO  Model.MyModel - Moving player's location toUP
2023.06.20 11:23:40.286 INFO  Model.MyModel - Moving player's location toUP
2023.06.20 11:23:40.439 INFO  Model.MyModel - Moving player's location toLEFT
2023.06.20 11:23:40.786 INFO  Model.MyModel - Moving player's location toUP
2023.06.20 11:23:40.986 INFO  Model.MyModel - Moving player's location toLEFT
2023.06.20 11:23:41.364 INFO  Model.MyModel - Moving player's location toRIGHT
2023.06.20 11:23:41.514 INFO  Model.MyModel - Moving player's location toRIGHT
2023.06.20 11:23:41.663 INFO  Model.MyModel - Moving player's location toDOWN
2023.06.20 11:23:41.813 INFO  Model.MyModel - Moving player's location toRIGHT
2023.06.20 11:23:41.973 INFO  Model.MyModel - Moving player's location toRIGHT
2023.06.20 11:23:42.124 INFO  Model.MyModel - Moving player's location toDOWN
2023.06.20 11:23:42.338 INFO  Model.MyModel - Moving player's location toDOWN
2023.06.20 11:23:42.461 INFO  Model.MyModel - Moving player's location toDOWN
2023.06.20 11:23:42.562 INFO  Model.MyModel - Moving player's location toDOWN
2023.06.20 11:23:42.712 INFO  Model.MyModel - Moving player's location toRIGHT
2023.06.20 11:23:44.080 INFO  Model.MyModel - Moving player's location toLEFT
2023.06.20 11:23:44.100 INFO  Model.MyModel - Moving player's location toDOWN
2023.06.20 11:23:44.164 INFO  Model.MyModel - Moving player's location toRIGHT
2023.06.20 11:23:44.235 INFO  Model.MyModel - Moving player's location toLEFT
2023.06.20 11:23:44.257 INFO  Model.MyModel - Moving player's location toDOWN
2023.06.20 11:23:44.337 INFO  Model.MyModel - Moving player's location toRIGHT
2023.06.20 11:23:44.409 INFO  Model.MyModel - Moving player's location toLEFT
2023.06.20 11:23:44.486 INFO  Model.MyModel - Moving player's location toRIGHT
2023.06.20 11:23:44.561 INFO  Model.MyModel - Moving player's location toLEFT
2023.06.20 11:23:44.584 INFO  Model.MyModel - Moving player's location toDOWN
2023.06.20 11:23:44.639 INFO  Model.MyModel - Moving player's location toRIGHT
2023.06.20 11:23:44.701 INFO  Model.MyModel - Moving player's location toLEFT
2023.06.20 11:23:44.737 INFO  Model.MyModel - Moving player's location toDOWN
2023.06.20 11:23:44.779 INFO  Model.MyModel - Moving player's location toRIGHT
2023.06.20 11:23:44.849 INFO  Model.MyModel - Moving player's location toLEFT
2023.06.20 11:23:44.884 INFO  Model.MyModel - Moving player's location toDOWN
2023.06.20 11:23:44.912 INFO  Model.MyModel - Moving player's location toRIGHT
2023.06.20 11:23:44.997 INFO  Model.MyModel - Moving player's location toLEFT
2023.06.20 11:23:45.022 INFO  Model.MyModel - Moving player's location toDOWN
2023.06.20 11:23:45.138 INFO  Model.MyModel - Moving player's location toLEFT
2023.06.20 11:23:45.317 INFO  Model.MyModel - Moving player's location toLEFT
2023.06.20 11:23:45.318 INFO  Model.MyModel - Moving player's location toDOWN
2023.06.20 11:23:45.676 INFO  Model.MyModel - Moving player's location toDOWN
2023.06.20 11:23:45.998 INFO  Model.MyModel - Moving player's location toRIGHT
2023.06.20 11:23:46.348 INFO  Model.MyModel - Moving player's location toRIGHT
2023.06.20 11:23:46.924 INFO  Model.MyModel - Moving player's location toLEFT
2023.06.20 11:23:47.374 INFO  Model.MyModel - Moving player's location toRIGHT
2023.06.20 11:23:47.923 INFO  Model.MyModel - Moving player's location toLEFT
2023.06.20 11:23:48.149 INFO  Model.MyModel - Moving player's location toLEFT
2023.06.20 11:23:48.999 INFO  Model.MyModel - Moving player's location toRIGHT
2023.06.20 11:23:49.149 INFO  Model.MyModel - Moving player's location toRIGHT
2023.06.20 11:23:49.723 INFO  Model.MyModel - Moving player's location toLEFT
2023.06.20 11:23:50.512 INFO  Model.MyModel - Moving player's location toRIGHT
2023.06.20 11:23:50.613 INFO  Model.MyModel - Moving player's location toRIGHT
2023.06.20 11:23:51.212 INFO  Model.MyModel - Moving player's location toLEFT
2023.06.20 11:23:51.949 INFO  Model.MyModel - Moving player's location toRIGHT
2023.06.20 11:23:52.123 INFO  Model.MyModel - Moving player's location toRIGHT
2023.06.20 11:23:52.698 INFO  Model.MyModel - Moving player's location toLEFT
2023.06.20 11:23:53.398 INFO  Model.MyModel - Moving player's location toRIGHT
2023.06.20 11:23:53.522 INFO  Model.MyModel - Moving player's location toRIGHT
2023.06.20 11:23:54.024 INFO  Model.MyModel - Moving player's location toLEFT
2023.06.20 11:23:54.863 INFO  Model.MyModel - Moving player's location toRIGHT
2023.06.20 11:23:55.012 INFO  Model.MyModel - Moving player's location toRIGHT
2023.06.20 11:23:55.562 INFO  Model.MyModel - Moving player's location toLEFT
2023.06.20 11:30:32.265 INFO  Model.MyModel - Starting server at port = 5400
2023.06.20 11:30:32.270 INFO  Model.MyModel - Starting server at port = 5401
2023.06.20 11:30:37.327 INFO  Model.MyModel - Client accepted to Generate Maze 
2023.06.20 11:31:33.729 INFO  Model.MyModel - Starting server at port = 5400
2023.06.20 11:31:33.734 INFO  Model.MyModel - Starting server at port = 5401
2023.06.20 11:31:38.996 INFO  Model.MyModel - Client accepted to Generate Maze 
2023.06.20 11:44:20.090 INFO  Model.MyModel - Starting server at port = 5400
2023.06.20 11:44:20.096 INFO  Model.MyModel - Starting server at port = 5401
2023.06.20 11:44:25.014 INFO  Model.MyModel - Client accepted to Generate Maze 
2023.06.20 11:46:12.974 INFO  Model.MyModel - Starting server at port = 5400
2023.06.20 11:46:12.983 INFO  Model.MyModel - Starting server at port = 5401
2023.06.20 11:46:20.321 INFO  Model.MyModel - Client accepted to Generate Maze 
2023.06.20 11:46:29.459 INFO  Model.MyModel - Moving player's location toRIGHT
2023.06.20 11:46:29.627 INFO  Model.MyModel - Moving player's location toRIGHT
2023.06.20 11:46:29.753 INFO  Model.MyModel - Moving player's location toRIGHT
2023.06.20 11:46:30.214 INFO  Model.MyModel - Moving player's location toLEFT
2023.06.20 11:46:30.365 INFO  Model.MyModel - Moving player's location toLEFT
2023.06.20 11:46:30.790 INFO  Model.MyModel - Moving player's location toRIGHT
2023.06.20 11:46:30.964 INFO  Model.MyModel - Moving player's location toRIGHT
2023.06.20 11:46:31.238 INFO  Model.MyModel - Moving player's location toDOWN
2023.06.20 11:46:31.517 INFO  Model.MyModel - Moving player's location toRIGHT
2023.06.20 11:46:31.667 INFO  Model.MyModel - Moving player's location toRIGHT
2023.06.20 11:46:31.914 INFO  Model.MyModel - Moving player's location toDOWN
2023.06.20 11:46:32.090 INFO  Model.MyModel - Moving player's location toDOWN
2023.06.20 11:46:32.226 INFO  Model.MyModel - Moving player's location toDOWN
2023.06.20 12:04:13.814 INFO  Model.MyModel - Starting server at port = 5400
2023.06.20 12:04:13.821 INFO  Model.MyModel - Starting server at port = 5401
2023.06.20 12:06:28.995 INFO  Model.MyModel - Starting server at port = 5400
2023.06.20 12:06:29.000 INFO  Model.MyModel - Starting server at port = 5401
2023.06.20 12:11:01.823 INFO  Model.MyModel - Starting server at port = 5400
2023.06.20 12:11:01.829 INFO  Model.MyModel - Starting server at port = 5401
2023.06.20 12:12:04.489 INFO  Model.MyModel - Starting server at port = 5400
2023.06.20 12:12:04.495 INFO  Model.MyModel - Starting server at port = 5401
2023.06.20 12:12:10.386 INFO  Model.MyModel - Client accepted to Generate Maze 
2023.06.20 12:23:58.310 INFO  Model.MyModel - Starting server at port = 5400
2023.06.20 12:23:58.318 INFO  Model.MyModel - Starting server at port = 5401
2023.06.20 12:24:02.786 INFO  Model.MyModel - Client accepted to Generate Maze 
2023.07.17 11:00:09.249 INFO  Model.MyModel - Starting server at port = 5400
2023.07.17 11:00:09.253 INFO  Model.MyModel - Starting server at port = 5401
2023.07.17 11:00:18.242 INFO  Model.MyModel - Client accepted to Generate Maze 
2023.07.17 11:02:57.296 INFO  Model.MyModel - Starting server at port = 5400
2023.07.17 11:02:57.301 INFO  Model.MyModel - Starting server at port = 5401
2023.07.17 11:03:08.592 INFO  Model.MyModel - Client accepted to Generate Maze 
2023.07.17 11:03:14.158 INFO  Model.MyModel - Client accepted to Generate Maze 
2023.07.17 11:04:04.216 INFO  Model.MyModel - Moving player's location toRIGHT
2023.07.17 11:04:04.506 INFO  Model.MyModel - Moving player's location toDOWN
2023.07.17 11:04:04.723 INFO  Model.MyModel - Moving player's location toDOWN
2023.07.17 11:04:04.945 INFO  Model.MyModel - Moving player's location toRIGHT
2023.07.17 11:04:05.089 INFO  Model.MyModel - Moving player's location toRIGHT
2023.07.17 11:04:05.235 INFO  Model.MyModel - Moving player's location toRIGHT
2023.07.17 11:04:06.144 INFO  Model.MyModel - Moving player's location toDOWN_RIGHT
2023.07.17 11:04:06.981 INFO  Model.MyModel - Moving player's location toUP_LEFT
2023.07.17 11:04:07.448 INFO  Model.MyModel - Moving player's location toUP_LEFT
2023.07.17 11:04:07.927 INFO  Model.MyModel - Moving player's location toLEFT
2023.07.17 11:04:08.234 INFO  Model.MyModel - Moving player's location toUP_LEFT
2023.07.17 11:04:10.735 INFO  Model.MyModel - Client accepted to Solve Maze 
2023.07.17 11:05:54.499 INFO  Model.MyModel - Starting server at port = 5400
2023.07.17 11:05:54.502 INFO  Model.MyModel - Starting server at port = 5401
2023.07.17 11:05:59.410 INFO  Model.MyModel - Client accepted to Generate Maze 
2023.07.17 11:06:00.631 INFO  Model.MyModel - Client accepted to Solve Maze 
2023.07.17 11:09:57.126 INFO  Model.MyModel - Starting server at port = 5400
2023.07.17 11:09:57.128 INFO  Model.MyModel - Starting server at port = 5401
2023.07.17 11:10:01.128 INFO  Model.MyModel - Client accepted to Generate Maze 
2023.07.17 11:10:02.543 INFO  Model.MyModel - Client accepted to Solve Maze 
2023.07.17 11:58:22.335 INFO  Model.MyModel - Starting server at port = 5400
2023.07.17 11:58:22.343 INFO  Model.MyModel - Starting server at port = 5401
2023.07.17 11:59:21.018 INFO  Model.MyModel - Client accepted to Generate Maze 
2023.07.17 12:01:08.571 INFO  Model.MyModel - Starting server at port = 5400
2023.07.17 12:01:08.575 INFO  Model.MyModel - Starting server at port = 5401
2023.07.17 12:01:19.376 INFO  Model.MyModel - Client accepted to Generate Maze 
2023.07.17 12:01:32.955 INFO  Model.MyModel - Moving player's location toDOWN
2023.07.17 12:01:33.236 INFO  Model.MyModel - Moving player's location toDOWN
2023.07.17 12:01:33.570 INFO  Model.MyModel - Moving player's location toRIGHT
2023.07.17 12:01:33.848 INFO  Model.MyModel - Moving player's location toDOWN
2023.07.17 12:01:34.023 INFO  Model.MyModel - Moving player's location toDOWN
2023.07.17 12:01:34.308 INFO  Model.MyModel - Moving player's location toRIGHT
2023.07.17 12:01:35.205 INFO  Model.MyModel - Moving player's location toLEFT
2023.07.17 12:01:35.704 INFO  Model.MyModel - Moving player's location toUP_LEFT
2023.07.17 12:01:36.245 INFO  Model.MyModel - Moving player's location toRIGHT
2023.07.17 12:01:36.451 INFO  Model.MyModel - Moving player's location toDOWN
2023.07.17 12:01:36.635 INFO  Model.MyModel - Moving player's location toDOWN
2023.07.17 12:01:36.794 INFO  Model.MyModel - Moving player's location toDOWN
2023.07.17 12:01:37.401 INFO  Model.MyModel - Moving player's location toRIGHT
2023.07.17 12:01:37.608 INFO  Model.MyModel - Moving player's location toDOWN
2023.07.17 12:01:37.912 INFO  Model.MyModel - Moving player's location toRIGHT
2023.07.17 12:01:38.084 INFO  Model.MyModel - Moving player's location toRIGHT
2023.07.17 12:01:38.232 INFO  Model.MyModel - Moving player's location toRIGHT
2023.07.17 12:01:38.364 INFO  Model.MyModel - Moving player's location toRIGHT
2023.07.17 12:01:43.440 INFO  Model.MyModel - Moving player's location toDOWN
2023.07.17 12:01:44.326 INFO  Model.MyModel - Moving player's location toRIGHT
2023.07.17 12:01:44.464 INFO  Model.MyModel - Moving player's location toRIGHT
2023.07.17 12:01:53.461 INFO  Model.MyModel - Client accepted to Generate Maze 
2023.07.17 12:01:59.813 INFO  Model.MyModel - Client accepted to Generate Maze 
2023.07.17 12:02:54.740 INFO  Model.MyModel - Client accepted to Solve Maze 
2023.07.17 12:03:29.373 INFO  Model.MyModel - Saving maze as aaa.maze
2023.07.17 12:03:36.166 INFO  Model.MyModel - Client accepted to Generate Maze 
2023.07.17 12:03:41.357 INFO  Model.MyModel - Client accepted to Solve Maze 
2023.07.17 12:03:43.158 INFO  Model.MyModel - Client accepted to Solve Maze 
2023.07.17 12:03:50.392 INFO  Model.MyModel - Loading aaa.maze's maze
